d:\bdy\项目-源码\tts-adapt\1g_tts_adapt\g_tts_adapt_demo\ttsdemo\release\ttsdemo.pch
d:\bdy\项目-源码\tts-adapt\1g_tts_adapt\g_tts_adapt_demo\ttsdemo\release\vc120.pdb
d:\bdy\项目-源码\tts-adapt\1g_tts_adapt\g_tts_adapt_demo\ttsdemo\release\stdafx.obj
d:\bdy\项目-源码\tts-adapt\1g_tts_adapt\g_tts_adapt_demo\ttsdemo\release\word_seg_lib.obj
d:\bdy\项目-源码\tts-adapt\1g_tts_adapt\g_tts_adapt_demo\ttsdemo\release\tts_all.obj
d:\bdy\项目-源码\tts-adapt\1g_tts_adapt\g_tts_adapt_demo\ttsdemo\release\pre_pro.obj
d:\bdy\项目-源码\tts-adapt\1g_tts_adapt\g_tts_adapt_demo\ttsdemo\release\ttsinitdlg.obj
d:\bdy\项目-源码\tts-adapt\1g_tts_adapt\g_tts_adapt_demo\ttsdemo\release\ttsdemoutils.obj
d:\bdy\项目-源码\tts-adapt\1g_tts_adapt\g_tts_adapt_demo\ttsdemo\release\ttsdemodlg.obj
d:\bdy\项目-源码\tts-adapt\1g_tts_adapt\g_tts_adapt_demo\ttsdemo\release\ttsdemo.obj
d:\bdy\项目-源码\tts-adapt\1g_tts_adapt\g_tts_adapt_demo\ttsdemo\release\utf8util.obj
d:\bdy\项目-源码\tts-adapt\1g_tts_adapt\g_tts_adapt_demo\ttsdemo\release\term.obj
d:\bdy\项目-源码\tts-adapt\1g_tts_adapt\g_tts_adapt_demo\ttsdemo\release\stringutil.obj
d:\bdy\项目-源码\tts-adapt\1g_tts_adapt\g_tts_adapt_demo\ttsdemo\release\maxmatch_engine.obj
d:\bdy\项目-源码\tts-adapt\1g_tts_adapt\g_tts_adapt_demo\ttsdemo\release\maxmatch.obj
d:\bdy\项目-源码\tts-adapt\1g_tts_adapt\g_tts_adapt_demo\ttsdemo\release\dictionary.obj
d:\bdy\项目-源码\tts-adapt\1g_tts_adapt\g_tts_adapt_demo\release\ttsdemo.exe
d:\bdy\项目-源码\tts-adapt\1g_tts_adapt\g_tts_adapt_demo\release\ttsdemo.pdb
d:\bdy\项目-源码\tts-adapt\1g_tts_adapt\g_tts_adapt_demo\ttsdemo\release\ttsdemo.res
d:\bdy\项目-源码\tts-adapt\1g_tts_adapt\g_tts_adapt_demo\release\ttsdemo.lib
d:\bdy\项目-源码\tts-adapt\1g_tts_adapt\g_tts_adapt_demo\release\ttsdemo.exp
d:\bdy\项目-源码\tts-adapt\1g_tts_adapt\g_tts_adapt_demo\ttsdemo\release\ttsdemo.tlog\cl.command.1.tlog
d:\bdy\项目-源码\tts-adapt\1g_tts_adapt\g_tts_adapt_demo\ttsdemo\release\ttsdemo.tlog\cl.read.1.tlog
d:\bdy\项目-源码\tts-adapt\1g_tts_adapt\g_tts_adapt_demo\ttsdemo\release\ttsdemo.tlog\cl.write.1.tlog
d:\bdy\项目-源码\tts-adapt\1g_tts_adapt\g_tts_adapt_demo\ttsdemo\release\ttsdemo.tlog\link.command.1.tlog
d:\bdy\项目-源码\tts-adapt\1g_tts_adapt\g_tts_adapt_demo\ttsdemo\release\ttsdemo.tlog\link.read.1.tlog
d:\bdy\项目-源码\tts-adapt\1g_tts_adapt\g_tts_adapt_demo\ttsdemo\release\ttsdemo.tlog\link.write.1.tlog
d:\bdy\项目-源码\tts-adapt\1g_tts_adapt\g_tts_adapt_demo\ttsdemo\release\ttsdemo.tlog\rc.command.1.tlog
d:\bdy\项目-源码\tts-adapt\1g_tts_adapt\g_tts_adapt_demo\ttsdemo\release\ttsdemo.tlog\rc.read.1.tlog
d:\bdy\项目-源码\tts-adapt\1g_tts_adapt\g_tts_adapt_demo\ttsdemo\release\ttsdemo.tlog\rc.write.1.tlog
d:\bdy\项目-源码\tts-adapt\1g_tts_adapt\g_tts_adapt_demo\ttsdemo\release\ttsdemo.tlog\ttsdemo.write.1u.tlog
